<?xml version="1.0" encoding="UTF-8"?>
<testng-results ignored="0" total="6" passed="5" failed="1" skipped="0">
  <reporter-output>
  </reporter-output>
  <suite started-at="2025-05-23T12:31:00 IST" name="Suite" finished-at="2025-05-23T12:31:24 IST" duration-ms="23522">
    <groups>
    </groups>
    <test started-at="2025-05-23T12:31:00 IST" name="Test" finished-at="2025-05-23T12:31:24 IST" duration-ms="23522">
      <class name="todotests.TC_003MarkSecondTaskAsCompleted">
        <test-method is-config="true" signature="setUp()[pri:0, instance:todotests.TC_003MarkSecondTaskAsCompleted@1a245833]" started-at="2025-05-23T12:31:13 IST" name="setUp" finished-at="2025-05-23T12:31:15 IST" duration-ms="1611" status="PASS">
          <reporter-output>
          </reporter-output>
        </test-method> <!-- setUp -->
        <test-method is-config="true" signature="startReport()[pri:0, instance:todotests.TC_003MarkSecondTaskAsCompleted@1a245833]" started-at="2025-05-23T12:31:15 IST" name="startReport" finished-at="2025-05-23T12:31:15 IST" duration-ms="1" status="PASS">
          <reporter-output>
          </reporter-output>
        </test-method> <!-- startReport -->
        <test-method is-config="true" signature="setUpPage()[pri:0, instance:todotests.TC_003MarkSecondTaskAsCompleted@1a245833]" started-at="2025-05-23T12:31:15 IST" name="setUpPage" finished-at="2025-05-23T12:31:15 IST" duration-ms="2" status="PASS">
          <reporter-output>
          </reporter-output>
        </test-method> <!-- setUpPage -->
        <test-method signature="markSecondTaskAsCompleted()[pri:3, instance:todotests.TC_003MarkSecondTaskAsCompleted@1a245833]" started-at="2025-05-23T12:31:15 IST" name="markSecondTaskAsCompleted" finished-at="2025-05-23T12:31:15 IST" duration-ms="796" status="PASS">
          <reporter-output>
          </reporter-output>
        </test-method> <!-- markSecondTaskAsCompleted -->
        <test-method is-config="true" signature="endReport()[pri:0, instance:todotests.TC_003MarkSecondTaskAsCompleted@1a245833]" started-at="2025-05-23T12:31:15 IST" name="endReport" finished-at="2025-05-23T12:31:15 IST" duration-ms="17" status="PASS">
          <reporter-output>
          </reporter-output>
        </test-method> <!-- endReport -->
        <test-method is-config="true" signature="tearDown()[pri:0, instance:todotests.TC_003MarkSecondTaskAsCompleted@1a245833]" started-at="2025-05-23T12:31:15 IST" name="tearDown" finished-at="2025-05-23T12:31:16 IST" duration-ms="241" status="PASS">
          <reporter-output>
          </reporter-output>
        </test-method> <!-- tearDown -->
      </class> <!-- todotests.TC_003MarkSecondTaskAsCompleted -->
      <class name="todotests.TC_001OpenApp">
        <test-method is-config="true" signature="setUp()[pri:0, instance:todotests.TC_001OpenApp@673fdbce]" started-at="2025-05-23T12:31:16 IST" name="setUp" finished-at="2025-05-23T12:31:17 IST" duration-ms="1491" status="PASS">
          <reporter-output>
          </reporter-output>
        </test-method> <!-- setUp -->
        <test-method is-config="true" signature="startReport()[pri:0, instance:todotests.TC_001OpenApp@673fdbce]" started-at="2025-05-23T12:31:17 IST" name="startReport" finished-at="2025-05-23T12:31:17 IST" duration-ms="1" status="PASS">
          <reporter-output>
          </reporter-output>
        </test-method> <!-- startReport -->
        <test-method is-config="true" signature="setUpPage()[pri:0, instance:todotests.TC_001OpenApp@673fdbce]" started-at="2025-05-23T12:31:17 IST" name="setUpPage" finished-at="2025-05-23T12:31:17 IST" duration-ms="3" status="PASS">
          <reporter-output>
          </reporter-output>
        </test-method> <!-- setUpPage -->
        <test-method signature="openApplication()[pri:1, instance:todotests.TC_001OpenApp@673fdbce]" started-at="2025-05-23T12:31:17 IST" name="openApplication" finished-at="2025-05-23T12:31:17 IST" duration-ms="22" status="PASS">
          <reporter-output>
          </reporter-output>
        </test-method> <!-- openApplication -->
        <test-method is-config="true" signature="endReport()[pri:0, instance:todotests.TC_001OpenApp@673fdbce]" started-at="2025-05-23T12:31:17 IST" name="endReport" finished-at="2025-05-23T12:31:17 IST" duration-ms="34" status="PASS">
          <reporter-output>
          </reporter-output>
        </test-method> <!-- endReport -->
        <test-method is-config="true" signature="tearDown()[pri:0, instance:todotests.TC_001OpenApp@673fdbce]" started-at="2025-05-23T12:31:17 IST" name="tearDown" finished-at="2025-05-23T12:31:17 IST" duration-ms="227" status="PASS">
          <reporter-output>
          </reporter-output>
        </test-method> <!-- tearDown -->
      </class> <!-- todotests.TC_001OpenApp -->
      <class name="todotests.TC_004DeleteFirstTask">
        <test-method is-config="true" signature="setUp()[pri:0, instance:todotests.TC_004DeleteFirstTask@5965d37]" started-at="2025-05-23T12:31:17 IST" name="setUp" finished-at="2025-05-23T12:31:19 IST" duration-ms="1462" status="PASS">
          <reporter-output>
          </reporter-output>
        </test-method> <!-- setUp -->
        <test-method is-config="true" signature="startReport()[pri:0, instance:todotests.TC_004DeleteFirstTask@5965d37]" started-at="2025-05-23T12:31:19 IST" name="startReport" finished-at="2025-05-23T12:31:19 IST" duration-ms="0" status="PASS">
          <reporter-output>
          </reporter-output>
        </test-method> <!-- startReport -->
        <test-method is-config="true" signature="setUpPage()[pri:0, instance:todotests.TC_004DeleteFirstTask@5965d37]" started-at="2025-05-23T12:31:19 IST" name="setUpPage" finished-at="2025-05-23T12:31:19 IST" duration-ms="1" status="PASS">
          <reporter-output>
          </reporter-output>
        </test-method> <!-- setUpPage -->
        <test-method signature="deleteFirstTask()[pri:4, instance:todotests.TC_004DeleteFirstTask@5965d37]" started-at="2025-05-23T12:31:19 IST" name="deleteFirstTask" finished-at="2025-05-23T12:31:20 IST" duration-ms="765" status="PASS">
          <reporter-output>
          </reporter-output>
        </test-method> <!-- deleteFirstTask -->
        <test-method is-config="true" signature="endReport()[pri:0, instance:todotests.TC_004DeleteFirstTask@5965d37]" started-at="2025-05-23T12:31:20 IST" name="endReport" finished-at="2025-05-23T12:31:20 IST" duration-ms="33" status="PASS">
          <reporter-output>
          </reporter-output>
        </test-method> <!-- endReport -->
        <test-method is-config="true" signature="tearDown()[pri:0, instance:todotests.TC_004DeleteFirstTask@5965d37]" started-at="2025-05-23T12:31:20 IST" name="tearDown" finished-at="2025-05-23T12:31:20 IST" duration-ms="206" status="PASS">
          <reporter-output>
          </reporter-output>
        </test-method> <!-- tearDown -->
      </class> <!-- todotests.TC_004DeleteFirstTask -->
      <class name="todotests.TC_005ValidateFinalTaskCountAndStatus">
        <test-method is-config="true" signature="setUp()[pri:0, instance:todotests.TC_005ValidateFinalTaskCountAndStatus@6b695b06]" started-at="2025-05-23T12:31:00 IST" name="setUp" finished-at="2025-05-23T12:31:11 IST" duration-ms="10021" status="PASS">
          <reporter-output>
          </reporter-output>
        </test-method> <!-- setUp -->
        <test-method is-config="true" signature="startReport()[pri:0, instance:todotests.TC_005ValidateFinalTaskCountAndStatus@6b695b06]" started-at="2025-05-23T12:31:11 IST" name="startReport" finished-at="2025-05-23T12:31:11 IST" duration-ms="493" status="PASS">
          <reporter-output>
          </reporter-output>
        </test-method> <!-- startReport -->
        <test-method is-config="true" signature="setUpPage()[pri:0, instance:todotests.TC_005ValidateFinalTaskCountAndStatus@6b695b06]" started-at="2025-05-23T12:31:11 IST" name="setUpPage" finished-at="2025-05-23T12:31:11 IST" duration-ms="41" status="PASS">
          <reporter-output>
          </reporter-output>
        </test-method> <!-- setUpPage -->
        <test-method signature="validateFinalTaskCountAndStatus()[pri:5, instance:todotests.TC_005ValidateFinalTaskCountAndStatus@6b695b06]" started-at="2025-05-23T12:31:11 IST" name="validateFinalTaskCountAndStatus" finished-at="2025-05-23T12:31:12 IST" duration-ms="953" status="PASS">
          <reporter-output>
          </reporter-output>
        </test-method> <!-- validateFinalTaskCountAndStatus -->
        <test-method is-config="true" signature="endReport()[pri:0, instance:todotests.TC_005ValidateFinalTaskCountAndStatus@6b695b06]" started-at="2025-05-23T12:31:12 IST" name="endReport" finished-at="2025-05-23T12:31:13 IST" duration-ms="645" status="PASS">
          <reporter-output>
          </reporter-output>
        </test-method> <!-- endReport -->
        <test-method is-config="true" signature="tearDown()[pri:0, instance:todotests.TC_005ValidateFinalTaskCountAndStatus@6b695b06]" started-at="2025-05-23T12:31:13 IST" name="tearDown" finished-at="2025-05-23T12:31:13 IST" duration-ms="317" status="PASS">
          <reporter-output>
          </reporter-output>
        </test-method> <!-- tearDown -->
      </class> <!-- todotests.TC_005ValidateFinalTaskCountAndStatus -->
      <class name="todotests.TC_006NegativeTCDeleteInvalidIndex">
        <test-method is-config="true" signature="setUp()[pri:0, instance:todotests.TC_006NegativeTCDeleteInvalidIndex@4201c465]" started-at="2025-05-23T12:31:22 IST" name="setUp" finished-at="2025-05-23T12:31:23 IST" duration-ms="1346" status="PASS">
          <reporter-output>
          </reporter-output>
        </test-method> <!-- setUp -->
        <test-method is-config="true" signature="startReport()[pri:0, instance:todotests.TC_006NegativeTCDeleteInvalidIndex@4201c465]" started-at="2025-05-23T12:31:23 IST" name="startReport" finished-at="2025-05-23T12:31:23 IST" duration-ms="1" status="PASS">
          <reporter-output>
          </reporter-output>
        </test-method> <!-- startReport -->
        <test-method is-config="true" signature="setUpPage()[pri:0, instance:todotests.TC_006NegativeTCDeleteInvalidIndex@4201c465]" started-at="2025-05-23T12:31:23 IST" name="setUpPage" finished-at="2025-05-23T12:31:23 IST" duration-ms="1" status="PASS">
          <reporter-output>
          </reporter-output>
        </test-method> <!-- setUpPage -->
        <test-method signature="deleteNonExistentTask()[pri:6, instance:todotests.TC_006NegativeTCDeleteInvalidIndex@4201c465]" started-at="2025-05-23T12:31:23 IST" name="deleteNonExistentTask" finished-at="2025-05-23T12:31:24 IST" duration-ms="189" status="FAIL">
          <exception class="java.lang.AssertionError">
            <message>
              <![CDATA[Invalid index provided: 1000. No such task exists.]]>
            </message>
            <full-stacktrace>
              <![CDATA[java.lang.AssertionError: Invalid index provided: 1000. No such task exists.
at utilities.TestUtil.logFailAndFailTest(TestUtil.java:58)
at todotests.TC_006NegativeTCDeleteInvalidIndex.deleteNonExistentTask(TC_006NegativeTCDeleteInvalidIndex.java:17)
at java.base/jdk.internal.reflect.NativeMethodAccessorImpl.invoke0(Native Method)
at java.base/jdk.internal.reflect.NativeMethodAccessorImpl.invoke(NativeMethodAccessorImpl.java:78)
at java.base/jdk.internal.reflect.DelegatingMethodAccessorImpl.invoke(DelegatingMethodAccessorImpl.java:43)
at java.base/java.lang.reflect.Method.invoke(Method.java:567)
at org.testng.internal.invokers.MethodInvocationHelper.invokeMethod(MethodInvocationHelper.java:141)
at org.testng.internal.invokers.TestInvoker.invokeMethod(TestInvoker.java:686)
at org.testng.internal.invokers.TestInvoker.invokeTestMethod(TestInvoker.java:230)
at org.testng.internal.invokers.MethodRunner.runInSequence(MethodRunner.java:63)
at org.testng.internal.invokers.TestInvoker$MethodInvocationAgent.invoke(TestInvoker.java:992)
at org.testng.internal.invokers.TestInvoker.invokeTestMethods(TestInvoker.java:203)
at org.testng.internal.invokers.TestMethodWorker.invokeTestMethods(TestMethodWorker.java:154)
at org.testng.internal.invokers.TestMethodWorker.run(TestMethodWorker.java:134)
at java.base/java.util.ArrayList.forEach(ArrayList.java:1511)
at org.testng.TestRunner.privateRun(TestRunner.java:739)
at org.testng.TestRunner.run(TestRunner.java:614)
at org.testng.SuiteRunner.runTest(SuiteRunner.java:421)
at org.testng.SuiteRunner.runSequentially(SuiteRunner.java:413)
at org.testng.SuiteRunner.privateRun(SuiteRunner.java:373)
at org.testng.SuiteRunner.run(SuiteRunner.java:312)
at org.testng.SuiteRunnerWorker.runSuite(SuiteRunnerWorker.java:52)
at org.testng.SuiteRunnerWorker.run(SuiteRunnerWorker.java:95)
at org.testng.TestNG.runSuitesSequentially(TestNG.java:1274)
at org.testng.TestNG.runSuitesLocally(TestNG.java:1208)
at org.testng.TestNG.runSuites(TestNG.java:1112)
at org.testng.TestNG.run(TestNG.java:1079)
at org.testng.remote.AbstractRemoteTestNG.run(AbstractRemoteTestNG.java:115)
at org.testng.remote.RemoteTestNG.initAndRun(RemoteTestNG.java:293)
at org.testng.remote.RemoteTestNG.main(RemoteTestNG.java:91)
]]>
            </full-stacktrace>
          </exception> <!-- java.lang.AssertionError -->
          <reporter-output>
          </reporter-output>
        </test-method> <!-- deleteNonExistentTask -->
        <test-method is-config="true" signature="endReport()[pri:0, instance:todotests.TC_006NegativeTCDeleteInvalidIndex@4201c465]" started-at="2025-05-23T12:31:24 IST" name="endReport" finished-at="2025-05-23T12:31:24 IST" duration-ms="38" status="PASS">
          <reporter-output>
          </reporter-output>
        </test-method> <!-- endReport -->
        <test-method is-config="true" signature="tearDown()[pri:0, instance:todotests.TC_006NegativeTCDeleteInvalidIndex@4201c465]" started-at="2025-05-23T12:31:24 IST" name="tearDown" finished-at="2025-05-23T12:31:24 IST" duration-ms="246" status="PASS">
          <reporter-output>
          </reporter-output>
        </test-method> <!-- tearDown -->
      </class> <!-- todotests.TC_006NegativeTCDeleteInvalidIndex -->
      <class name="todotests.TC_002AddThreeTask">
        <test-method is-config="true" signature="setUp()[pri:0, instance:todotests.TC_002AddThreeTask@7a5ceedd]" started-at="2025-05-23T12:31:20 IST" name="setUp" finished-at="2025-05-23T12:31:21 IST" duration-ms="1432" status="PASS">
          <reporter-output>
          </reporter-output>
        </test-method> <!-- setUp -->
        <test-method is-config="true" signature="setUpPage()[pri:0, instance:todotests.TC_002AddThreeTask@7a5ceedd]" started-at="2025-05-23T12:31:21 IST" name="setUpPage" finished-at="2025-05-23T12:31:21 IST" duration-ms="1" status="PASS">
          <reporter-output>
          </reporter-output>
        </test-method> <!-- setUpPage -->
        <test-method is-config="true" signature="startReport()[pri:0, instance:todotests.TC_002AddThreeTask@7a5ceedd]" started-at="2025-05-23T12:31:21 IST" name="startReport" finished-at="2025-05-23T12:31:21 IST" duration-ms="0" status="PASS">
          <reporter-output>
          </reporter-output>
        </test-method> <!-- startReport -->
        <test-method signature="addThreeTasks()[pri:2, instance:todotests.TC_002AddThreeTask@7a5ceedd]" started-at="2025-05-23T12:31:21 IST" name="addThreeTasks" finished-at="2025-05-23T12:31:22 IST" duration-ms="533" status="PASS">
          <reporter-output>
          </reporter-output>
        </test-method> <!-- addThreeTasks -->
        <test-method is-config="true" signature="endReport()[pri:0, instance:todotests.TC_002AddThreeTask@7a5ceedd]" started-at="2025-05-23T12:31:22 IST" name="endReport" finished-at="2025-05-23T12:31:22 IST" duration-ms="10" status="PASS">
          <reporter-output>
          </reporter-output>
        </test-method> <!-- endReport -->
        <test-method is-config="true" signature="tearDown()[pri:0, instance:todotests.TC_002AddThreeTask@7a5ceedd]" started-at="2025-05-23T12:31:22 IST" name="tearDown" finished-at="2025-05-23T12:31:22 IST" duration-ms="199" status="PASS">
          <reporter-output>
          </reporter-output>
        </test-method> <!-- tearDown -->
      </class> <!-- todotests.TC_002AddThreeTask -->
    </test> <!-- Test -->
  </suite> <!-- Suite -->
</testng-results>
