<?xml version="1.0" encoding="UTF-8"?>
<testng-results ignored="0" total="1" passed="1" failed="0" skipped="0">
  <reporter-output>
  </reporter-output>
  <suite started-at="2025-05-23T13:13:32 IST" name="Default suite" finished-at="2025-05-23T13:13:37 IST" duration-ms="4504">
    <groups>
    </groups>
    <test started-at="2025-05-23T13:13:32 IST" name="Default test" finished-at="2025-05-23T13:13:37 IST" duration-ms="4504">
      <class name="todotests.TC_004DeleteFirstTask">
        <test-method is-config="true" signature="setUp()[pri:0, instance:todotests.TC_004DeleteFirstTask@536f2a7e]" started-at="2025-05-23T13:13:32 IST" name="setUp" finished-at="2025-05-23T13:13:35 IST" duration-ms="3159" status="PASS">
          <reporter-output>
          </reporter-output>
        </test-method> <!-- setUp -->
        <test-method is-config="true" signature="startReport()[pri:0, instance:todotests.TC_004DeleteFirstTask@536f2a7e]" started-at="2025-05-23T13:13:35 IST" name="startReport" finished-at="2025-05-23T13:13:36 IST" duration-ms="296" status="PASS">
          <reporter-output>
          </reporter-output>
        </test-method> <!-- startReport -->
        <test-method is-config="true" signature="setUpPage()[pri:0, instance:todotests.TC_004DeleteFirstTask@536f2a7e]" started-at="2025-05-23T13:13:36 IST" name="setUpPage" finished-at="2025-05-23T13:13:36 IST" duration-ms="18" status="PASS">
          <reporter-output>
          </reporter-output>
        </test-method> <!-- setUpPage -->
        <test-method signature="deleteFirstTask()[pri:4, instance:todotests.TC_004DeleteFirstTask@536f2a7e]" started-at="2025-05-23T13:13:36 IST" name="deleteFirstTask" finished-at="2025-05-23T13:13:36 IST" duration-ms="509" status="PASS">
          <reporter-output>
          </reporter-output>
        </test-method> <!-- deleteFirstTask -->
        <test-method is-config="true" signature="endReport()[pri:0, instance:todotests.TC_004DeleteFirstTask@536f2a7e]" started-at="2025-05-23T13:13:36 IST" name="endReport" finished-at="2025-05-23T13:13:36 IST" duration-ms="262" status="PASS">
          <reporter-output>
          </reporter-output>
        </test-method> <!-- endReport -->
        <test-method is-config="true" signature="tearDown()[pri:0, instance:todotests.TC_004DeleteFirstTask@536f2a7e]" started-at="2025-05-23T13:13:36 IST" name="tearDown" finished-at="2025-05-23T13:13:37 IST" duration-ms="201" status="PASS">
          <reporter-output>
          </reporter-output>
        </test-method> <!-- tearDown -->
      </class> <!-- todotests.TC_004DeleteFirstTask -->
    </test> <!-- Default test -->
  </suite> <!-- Default suite -->
</testng-results>
